<?xml version="1.0" encoding="UTF-8"?>
<!-- Generated by org.testng.reporters.JUnitReportReporter -->
<testsuite hostname="User-Komputer" failures="0" tests="1" name="Steps.Ebay" time="14.837" errors="0" timestamp="29 Oct 2019 17:07:03 GMT">
  <testcase classname="Steps.Ebay" name="getMainPage" time="14.837"/>
</testsuite> <!-- Steps.Ebay -->
